<?xml version="1.0" encoding="UTF-8"?>
<!-- Generated by org.testng.reporters.JUnitXMLReporter -->
<testsuite ignored="0" hostname="prabhatpc" failures="1" tests="1" name="test" time="0.772" errors="0" timestamp="2026-03-06T08:38:50 IST">
  <testcase classname="test.sampletest" name="launchBrowserTest" time="0.667">
    <failure type="org.openqa.selenium.SessionNotCreatedException" message="Could not start a new session. Possible causes are invalid address of the remote server or browser start-up failure. Cannot run program &amp;quot;C:\Users\pk179\Downloads\chrome-win64\chrome-win64&amp;quot;: CreateProcess error=5, Access is denied 
Host info: host: &amp;apos;PRABHATPC&amp;apos;, ip: &amp;apos;192.168.1.3&amp;apos;
Build info: version: &amp;apos;4.40.0&amp;apos;, revision: &amp;apos;b3333f1&amp;apos;
System info: os.name: &amp;apos;Windows 10&amp;apos;, os.arch: &amp;apos;amd64&amp;apos;, os.version: &amp;apos;10.0&amp;apos;, java.version: &amp;apos;21.0.9&amp;apos;
Driver info: org.openqa.selenium.chrome.ChromeDriver
Command: [null, newSession {capabilities=[Capabilities {browserName: chrome, goog:chromeOptions: {args: [], extensions: []}}]}]">
      <![CDATA[org.openqa.selenium.SessionNotCreatedException: Could not start a new session. Possible causes are invalid address of the remote server or browser start-up failure. Cannot run program "C:\Users\pk179\Downloads\chrome-win64\chrome-win64": CreateProcess error=5, Access is denied 
Host info: host: 'PRABHATPC', ip: '192.168.1.3'
Build info: version: '4.40.0', revision: 'b3333f1'
System info: os.name: 'Windows 10', os.arch: 'amd64', os.version: '10.0', java.version: '21.0.9'
Driver info: org.openqa.selenium.chrome.ChromeDriver
Command: [null, newSession {capabilities=[Capabilities {browserName: chrome, goog:chromeOptions: {args: [], extensions: []}}]}]
at org.openqa.selenium.remote.RemoteWebDriver.execute(RemoteWebDriver.java:622)
at org.openqa.selenium.remote.RemoteWebDriver.startSession(RemoteWebDriver.java:286)
at org.openqa.selenium.remote.RemoteWebDriver.<init>(RemoteWebDriver.java:209)
at org.openqa.selenium.chromium.ChromiumDriver.<init>(ChromiumDriver.java:115)
at org.openqa.selenium.chrome.ChromeDriver.<init>(ChromeDriver.java:92)
at org.openqa.selenium.chrome.ChromeDriver.<init>(ChromeDriver.java:87)
at org.openqa.selenium.chrome.ChromeDriver.<init>(ChromeDriver.java:51)
at utils.driverFactory.initDriver(driverFactory.java:13)
at test.sampletest.launchBrowserTest(sampletest.java:12)
at java.base/java.util.ArrayList.forEach(ArrayList.java:1596)
Caused by: java.io.UncheckedIOException: java.io.IOException: Cannot run program "C:\Users\pk179\Downloads\chrome-win64\chrome-win64": CreateProcess error=5, Access is denied
at org.openqa.selenium.os.ExternalProcess$Builder.start(ExternalProcess.java:196)
at org.openqa.selenium.remote.service.DriverService.start(DriverService.java:214)
at org.openqa.selenium.remote.service.DriverCommandExecutor.execute(DriverCommandExecutor.java:117)
at org.openqa.selenium.remote.RemoteWebDriver.execute(RemoteWebDriver.java:601)
... 34 more
Caused by: java.io.IOException: Cannot run program "C:\Users\pk179\Downloads\chrome-win64\chrome-win64": CreateProcess error=5, Access is denied
at java.base/java.lang.ProcessBuilder.start(ProcessBuilder.java:1170)
at java.base/java.lang.ProcessBuilder.start(ProcessBuilder.java:1089)
at org.openqa.selenium.os.ExternalProcess$Builder.start(ExternalProcess.java:194)
... 37 more
Caused by: java.io.IOException: CreateProcess error=5, Access is denied
at java.base/java.lang.ProcessImpl.create(Native Method)
at java.base/java.lang.ProcessImpl.<init>(ProcessImpl.java:506)
at java.base/java.lang.ProcessImpl.start(ProcessImpl.java:159)
at java.base/java.lang.ProcessBuilder.start(ProcessBuilder.java:1126)
... 39 more
... Removed 25 stack frames]]>
    </failure>
  </testcase> <!-- launchBrowserTest -->
</testsuite> <!-- test -->
